Determining if the pthread_create exist failed with the following output:
Change Dir: /home/parallels/py/xmrig-nvidia-master/xmrig-nvidia-master/CMakeFiles/CMakeTmp

Run Build Command:"/usr/bin/make" "cmTC_6e6d2/fast"
/usr/bin/make -f CMakeFiles/cmTC_6e6d2.dir/build.make CMakeFiles/cmTC_6e6d2.dir/build
make[1]: Entering directory '/home/parallels/py/xmrig-nvidia-master/xmrig-nvidia-master/CMakeFiles/CMakeTmp'
Building C object CMakeFiles/cmTC_6e6d2.dir/CheckSymbolExists.c.o
/usr/bin/cc    -fPIC    -o CMakeFiles/cmTC_6e6d2.dir/CheckSymbolExists.c.o   -c /home/parallels/py/xmrig-nvidia-master/xmrig-nvidia-master/CMakeFiles/CMakeTmp/CheckSymbolExists.c
Linking C executable cmTC_6e6d2
/usr/bin/cmake -E cmake_link_script CMakeFiles/cmTC_6e6d2.dir/link.txt --verbose=1
/usr/bin/cc  -fPIC     CMakeFiles/cmTC_6e6d2.dir/CheckSymbolExists.c.o  -o cmTC_6e6d2 -rdynamic 
CMakeFiles/cmTC_6e6d2.dir/CheckSymbolExists.c.o: In function `main':
CheckSymbolExists.c:(.text+0x1b): undefined reference to `pthread_create'
collect2: error: ld returned 1 exit status
CMakeFiles/cmTC_6e6d2.dir/build.make:97: recipe for target 'cmTC_6e6d2' failed
make[1]: *** [cmTC_6e6d2] Error 1
make[1]: Leaving directory '/home/parallels/py/xmrig-nvidia-master/xmrig-nvidia-master/CMakeFiles/CMakeTmp'
Makefile:126: recipe for target 'cmTC_6e6d2/fast' failed
make: *** [cmTC_6e6d2/fast] Error 2

File /home/parallels/py/xmrig-nvidia-master/xmrig-nvidia-master/CMakeFiles/CMakeTmp/CheckSymbolExists.c:
/* */
#include <pthread.h>

int main(int argc, char** argv)
{
  (void)argv;
#ifndef pthread_create
  return ((int*)(&pthread_create))[argc];
#else
  (void)argc;
  return 0;
#endif
}

Determining if the function pthread_create exists in the pthreads failed with the following output:
Change Dir: /home/parallels/py/xmrig-nvidia-master/xmrig-nvidia-master/CMakeFiles/CMakeTmp

Run Build Command:"/usr/bin/make" "cmTC_f7114/fast"
/usr/bin/make -f CMakeFiles/cmTC_f7114.dir/build.make CMakeFiles/cmTC_f7114.dir/build
make[1]: Entering directory '/home/parallels/py/xmrig-nvidia-master/xmrig-nvidia-master/CMakeFiles/CMakeTmp'
Building C object CMakeFiles/cmTC_f7114.dir/CheckFunctionExists.c.o
/usr/bin/cc    -fPIC -DCHECK_FUNCTION_EXISTS=pthread_create   -o CMakeFiles/cmTC_f7114.dir/CheckFunctionExists.c.o   -c /usr/share/cmake-3.5/Modules/CheckFunctionExists.c
Linking C executable cmTC_f7114
/usr/bin/cmake -E cmake_link_script CMakeFiles/cmTC_f7114.dir/link.txt --verbose=1
/usr/bin/cc  -fPIC -DCHECK_FUNCTION_EXISTS=pthread_create    CMakeFiles/cmTC_f7114.dir/CheckFunctionExists.c.o  -o cmTC_f7114 -rdynamic -lpthreads 
/usr/bin/ld: cannot find -lpthreads
collect2: error: ld returned 1 exit status
CMakeFiles/cmTC_f7114.dir/build.make:97: recipe for target 'cmTC_f7114' failed
make[1]: *** [cmTC_f7114] Error 1
make[1]: Leaving directory '/home/parallels/py/xmrig-nvidia-master/xmrig-nvidia-master/CMakeFiles/CMakeTmp'
Makefile:126: recipe for target 'cmTC_f7114/fast' failed
make: *** [cmTC_f7114/fast] Error 2


